

================================================================
== Vitis HLS Report for 'dct_Pipeline_Xpose_Col_Outer_Loop_Xpose_Col_Inner_Loop'
================================================================
* Date:           Thu Apr  6 15:00:06 2023

* Version:        2022.2 (Build 3670227 on Oct 13 2022)
* Project:        dct_prj
* Solution:       solution1 (Vitis Kernel Flow Target)
* Product family: zynquplus
* Target device:  xczu7ev-ffvc1156-2-e


================================================================
== Performance Estimates
================================================================
+ Timing: 
    * Summary: 
    +--------+----------+----------+------------+
    |  Clock |  Target  | Estimated| Uncertainty|
    +--------+----------+----------+------------+
    |ap_clk  |  10.00 ns|  3.206 ns|     2.70 ns|
    +--------+----------+----------+------------+

+ Latency: 
    * Summary: 
    +---------+---------+----------+----------+-----+-----+---------+
    |  Latency (cycles) |  Latency (absolute) |  Interval | Pipeline|
    |   min   |   max   |    min   |    max   | min | max |   Type  |
    +---------+---------+----------+----------+-----+-----+---------+
    |       66|       66|  0.660 us|  0.660 us|   66|   66|       no|
    +---------+---------+----------+----------+-----+-----+---------+

    + Detail: 
        * Instance: 
        N/A

        * Loop: 
        +---------------------------------------------+---------+---------+----------+-----------+-----------+------+----------+
        |                                             |  Latency (cycles) | Iteration|  Initiation Interval  | Trip |          |
        |                  Loop Name                  |   min   |   max   |  Latency |  achieved |   target  | Count| Pipelined|
        +---------------------------------------------+---------+---------+----------+-----------+-----------+------+----------+
        |- Xpose_Col_Outer_Loop_Xpose_Col_Inner_Loop  |       64|       64|         2|          1|          1|    64|       yes|
        +---------------------------------------------+---------+---------+----------+-----------+-----------+------+----------+

============================================================
+ Verbose Summary: Synthesis Manager
============================================================
InlineROM: 1
ExposeGlobal: 0
============================================================
+ Verbose Summary: CDFG Model
============================================================
IsTopModel: 0
ResetActiveHigh: 1
IsCombinational: 0
IsDatapathOnly: 0
HasWiredReturn: 1
HasMFsm: 2
HasVarLatency: 1
IsPipeline: 0
IsRtlPipelined: 0
IsInstanceOverlapped: 0
IsDontTouch: 0
HasImplIP: 0
IsGatedGlobalClock: 0

+ Individual pipeline summary: 
  * Pipeline-0: initiation interval (II) = 1, depth = 2


============================================================
+ Verbose Summary: Schedule
============================================================
* Number of FSM states : 2
* Pipeline : 1
  Pipeline-0 : II = 1, D = 2, States = { 1 2 }
* Dataflow Pipeline: 0

* FSM state transitions: 
1 --> 2 
2 --> 

* FSM state operations: 

State 1 <SV = 0> <Delay = 3.20>
ST_1 : Operation 5 [1/1] (0.00ns)   --->   "%i = alloca i32 1"   --->   Operation 5 'alloca' 'i' <Predicate = true> <Delay = 0.00>
ST_1 : Operation 6 [1/1] (0.00ns)   --->   "%j = alloca i32 1"   --->   Operation 6 'alloca' 'j' <Predicate = true> <Delay = 0.00>
ST_1 : Operation 7 [1/1] (0.00ns)   --->   "%indvar_flatten36 = alloca i32 1"   --->   Operation 7 'alloca' 'indvar_flatten36' <Predicate = true> <Delay = 0.00>
ST_1 : Operation 8 [1/1] (0.42ns)   --->   "%store_ln0 = store i7 0, i7 %indvar_flatten36"   --->   Operation 8 'store' 'store_ln0' <Predicate = true> <Delay = 0.42>
ST_1 : Operation 9 [1/1] (0.42ns)   --->   "%store_ln0 = store i4 0, i4 %j"   --->   Operation 9 'store' 'store_ln0' <Predicate = true> <Delay = 0.42>
ST_1 : Operation 10 [1/1] (0.42ns)   --->   "%store_ln0 = store i4 0, i4 %i"   --->   Operation 10 'store' 'store_ln0' <Predicate = true> <Delay = 0.42>
ST_1 : Operation 11 [1/1] (0.00ns)   --->   "%br_ln0 = br void %for.inc50.i"   --->   Operation 11 'br' 'br_ln0' <Predicate = true> <Delay = 0.00>
ST_1 : Operation 12 [1/1] (0.00ns)   --->   "%indvar_flatten36_load = load i7 %indvar_flatten36" [C:/Users/ASUS/git/Vitis-Tutorials/Getting_Started/Vitis_HLS/reference-files/src/dct.cpp:63]   --->   Operation 12 'load' 'indvar_flatten36_load' <Predicate = true> <Delay = 0.00>
ST_1 : Operation 13 [1/1] (0.00ns)   --->   "%specpipeline_ln0 = specpipeline void @_ssdm_op_SpecPipeline, i32 4294967295, i32 0, i32 1, i32 0, void @p_str"   --->   Operation 13 'specpipeline' 'specpipeline_ln0' <Predicate = true> <Delay = 0.00>
ST_1 : Operation 14 [1/1] (0.81ns)   --->   "%icmp_ln63 = icmp_eq  i7 %indvar_flatten36_load, i7 64" [C:/Users/ASUS/git/Vitis-Tutorials/Getting_Started/Vitis_HLS/reference-files/src/dct.cpp:63]   --->   Operation 14 'icmp' 'icmp_ln63' <Predicate = true> <Delay = 0.81> <CoreInst = "Cmp">   --->   Core 9 'Cmp' <Latency = 0> <II = 1> <Delay = 0.81> <FuncUnit> <Opcode : 'icmp'> <InPorts = 2> <OutPorts = 1>
ST_1 : Operation 15 [1/1] (0.77ns)   --->   "%add_ln63_1 = add i7 %indvar_flatten36_load, i7 1" [C:/Users/ASUS/git/Vitis-Tutorials/Getting_Started/Vitis_HLS/reference-files/src/dct.cpp:63]   --->   Operation 15 'add' 'add_ln63_1' <Predicate = true> <Delay = 0.77> <CoreInst = "Adder">   --->   Core 1 'Adder' <Latency = 0> <II = 1> <Delay = 0.77> <FuncUnit> <Opcode : 'add' 'sub'> <InPorts = 2> <OutPorts = 1>
ST_1 : Operation 16 [1/1] (0.00ns)   --->   "%br_ln63 = br i1 %icmp_ln63, void %for.inc53.i, void %_Z6dct_2dPA8_sS0_.exit.exitStub" [C:/Users/ASUS/git/Vitis-Tutorials/Getting_Started/Vitis_HLS/reference-files/src/dct.cpp:63]   --->   Operation 16 'br' 'br_ln63' <Predicate = true> <Delay = 0.00>
ST_1 : Operation 17 [1/1] (0.00ns)   --->   "%i_load = load i4 %i" [C:/Users/ASUS/git/Vitis-Tutorials/Getting_Started/Vitis_HLS/reference-files/src/dct.cpp:65]   --->   Operation 17 'load' 'i_load' <Predicate = (!icmp_ln63)> <Delay = 0.00>
ST_1 : Operation 18 [1/1] (0.00ns)   --->   "%j_load = load i4 %j" [C:/Users/ASUS/git/Vitis-Tutorials/Getting_Started/Vitis_HLS/reference-files/src/dct.cpp:63]   --->   Operation 18 'load' 'j_load' <Predicate = (!icmp_ln63)> <Delay = 0.00>
ST_1 : Operation 19 [1/1] (0.79ns)   --->   "%add_ln63 = add i4 %j_load, i4 1" [C:/Users/ASUS/git/Vitis-Tutorials/Getting_Started/Vitis_HLS/reference-files/src/dct.cpp:63]   --->   Operation 19 'add' 'add_ln63' <Predicate = (!icmp_ln63)> <Delay = 0.79> <CoreInst = "Adder">   --->   Core 1 'Adder' <Latency = 0> <II = 1> <Delay = 0.79> <FuncUnit> <Opcode : 'add' 'sub'> <InPorts = 2> <OutPorts = 1>
ST_1 : Operation 20 [1/1] (0.72ns)   --->   "%icmp_ln65 = icmp_eq  i4 %i_load, i4 8" [C:/Users/ASUS/git/Vitis-Tutorials/Getting_Started/Vitis_HLS/reference-files/src/dct.cpp:65]   --->   Operation 20 'icmp' 'icmp_ln65' <Predicate = (!icmp_ln63)> <Delay = 0.72> <CoreInst = "Cmp">   --->   Core 9 'Cmp' <Latency = 0> <II = 1> <Delay = 0.72> <FuncUnit> <Opcode : 'icmp'> <InPorts = 2> <OutPorts = 1>
ST_1 : Operation 21 [1/1] (0.39ns)   --->   "%select_ln63 = select i1 %icmp_ln65, i4 0, i4 %i_load" [C:/Users/ASUS/git/Vitis-Tutorials/Getting_Started/Vitis_HLS/reference-files/src/dct.cpp:63]   --->   Operation 21 'select' 'select_ln63' <Predicate = (!icmp_ln63)> <Delay = 0.39> <CoreInst = "Sel">   --->   Core 73 'Sel' <Latency = 0> <II = 1> <Delay = 0.39> <FuncUnit> <Opcode : 'select'> <InPorts = 3> <OutPorts = 1>
ST_1 : Operation 22 [1/1] (0.00ns)   --->   "%trunc_ln63 = trunc i4 %select_ln63" [C:/Users/ASUS/git/Vitis-Tutorials/Getting_Started/Vitis_HLS/reference-files/src/dct.cpp:63]   --->   Operation 22 'trunc' 'trunc_ln63' <Predicate = (!icmp_ln63)> <Delay = 0.00>
ST_1 : Operation 23 [1/1] (0.39ns)   --->   "%select_ln63_1 = select i1 %icmp_ln65, i4 %add_ln63, i4 %j_load" [C:/Users/ASUS/git/Vitis-Tutorials/Getting_Started/Vitis_HLS/reference-files/src/dct.cpp:63]   --->   Operation 23 'select' 'select_ln63_1' <Predicate = (!icmp_ln63)> <Delay = 0.39> <CoreInst = "Sel">   --->   Core 73 'Sel' <Latency = 0> <II = 1> <Delay = 0.39> <FuncUnit> <Opcode : 'select'> <InPorts = 3> <OutPorts = 1>
ST_1 : Operation 24 [1/1] (0.00ns)   --->   "%trunc_ln63_1 = trunc i4 %select_ln63_1" [C:/Users/ASUS/git/Vitis-Tutorials/Getting_Started/Vitis_HLS/reference-files/src/dct.cpp:63]   --->   Operation 24 'trunc' 'trunc_ln63_1' <Predicate = (!icmp_ln63)> <Delay = 0.00>
ST_1 : Operation 25 [1/1] (0.00ns)   --->   "%zext_ln66 = zext i4 %select_ln63_1" [C:/Users/ASUS/git/Vitis-Tutorials/Getting_Started/Vitis_HLS/reference-files/src/dct.cpp:66]   --->   Operation 25 'zext' 'zext_ln66' <Predicate = (!icmp_ln63)> <Delay = 0.00>
ST_1 : Operation 26 [1/1] (0.00ns)   --->   "%tmp_s = bitconcatenate i6 @_ssdm_op_BitConcatenate.i6.i3.i3, i3 %trunc_ln63_1, i3 0" [C:/Users/ASUS/git/Vitis-Tutorials/Getting_Started/Vitis_HLS/reference-files/src/dct.cpp:66]   --->   Operation 26 'bitconcatenate' 'tmp_s' <Predicate = (!icmp_ln63)> <Delay = 0.00>
ST_1 : Operation 27 [1/1] (0.00ns)   --->   "%zext_ln66_1 = zext i4 %select_ln63" [C:/Users/ASUS/git/Vitis-Tutorials/Getting_Started/Vitis_HLS/reference-files/src/dct.cpp:66]   --->   Operation 27 'zext' 'zext_ln66_1' <Predicate = (!icmp_ln63)> <Delay = 0.00>
ST_1 : Operation 28 [1/1] (0.00ns)   --->   "%tmp_1 = bitconcatenate i6 @_ssdm_op_BitConcatenate.i6.i3.i3, i3 %trunc_ln63, i3 0" [C:/Users/ASUS/git/Vitis-Tutorials/Getting_Started/Vitis_HLS/reference-files/src/dct.cpp:66]   --->   Operation 28 'bitconcatenate' 'tmp_1' <Predicate = (!icmp_ln63)> <Delay = 0.00>
ST_1 : Operation 29 [1/1] (0.78ns)   --->   "%add_ln66 = add i6 %tmp_1, i6 %zext_ln66" [C:/Users/ASUS/git/Vitis-Tutorials/Getting_Started/Vitis_HLS/reference-files/src/dct.cpp:66]   --->   Operation 29 'add' 'add_ln66' <Predicate = (!icmp_ln63)> <Delay = 0.78> <CoreInst = "Adder">   --->   Core 1 'Adder' <Latency = 0> <II = 1> <Delay = 0.78> <FuncUnit> <Opcode : 'add' 'sub'> <InPorts = 2> <OutPorts = 1>
ST_1 : Operation 30 [1/1] (0.00ns)   --->   "%zext_ln66_2 = zext i6 %add_ln66" [C:/Users/ASUS/git/Vitis-Tutorials/Getting_Started/Vitis_HLS/reference-files/src/dct.cpp:66]   --->   Operation 30 'zext' 'zext_ln66_2' <Predicate = (!icmp_ln63)> <Delay = 0.00>
ST_1 : Operation 31 [1/1] (0.00ns)   --->   "%col_outbuf_addr = getelementptr i16 %col_outbuf, i64 0, i64 %zext_ln66_2" [C:/Users/ASUS/git/Vitis-Tutorials/Getting_Started/Vitis_HLS/reference-files/src/dct.cpp:66]   --->   Operation 31 'getelementptr' 'col_outbuf_addr' <Predicate = (!icmp_ln63)> <Delay = 0.00>
ST_1 : Operation 32 [1/1] (0.78ns)   --->   "%add_ln66_1 = add i6 %tmp_s, i6 %zext_ln66_1" [C:/Users/ASUS/git/Vitis-Tutorials/Getting_Started/Vitis_HLS/reference-files/src/dct.cpp:66]   --->   Operation 32 'add' 'add_ln66_1' <Predicate = (!icmp_ln63)> <Delay = 0.78> <CoreInst = "Adder">   --->   Core 1 'Adder' <Latency = 0> <II = 1> <Delay = 0.78> <FuncUnit> <Opcode : 'add' 'sub'> <InPorts = 2> <OutPorts = 1>
ST_1 : Operation 33 [2/2] (1.23ns)   --->   "%col_outbuf_load = load i6 %col_outbuf_addr" [C:/Users/ASUS/git/Vitis-Tutorials/Getting_Started/Vitis_HLS/reference-files/src/dct.cpp:66]   --->   Operation 33 'load' 'col_outbuf_load' <Predicate = (!icmp_ln63)> <Delay = 1.23> <CoreInst = "RAM">   --->   Core 83 'RAM' <Latency = 1> <II = 1> <Delay = 1.23> <Storage> <Opcode : 'load' 'store'> <Ports = 2> <Width = 16> <Depth = 64> <RAM>
ST_1 : Operation 34 [1/1] (0.79ns)   --->   "%add_ln65 = add i4 %select_ln63, i4 1" [C:/Users/ASUS/git/Vitis-Tutorials/Getting_Started/Vitis_HLS/reference-files/src/dct.cpp:65]   --->   Operation 34 'add' 'add_ln65' <Predicate = (!icmp_ln63)> <Delay = 0.79> <CoreInst = "Adder">   --->   Core 1 'Adder' <Latency = 0> <II = 1> <Delay = 0.79> <FuncUnit> <Opcode : 'add' 'sub'> <InPorts = 2> <OutPorts = 1>
ST_1 : Operation 35 [1/1] (0.42ns)   --->   "%store_ln65 = store i7 %add_ln63_1, i7 %indvar_flatten36" [C:/Users/ASUS/git/Vitis-Tutorials/Getting_Started/Vitis_HLS/reference-files/src/dct.cpp:65]   --->   Operation 35 'store' 'store_ln65' <Predicate = (!icmp_ln63)> <Delay = 0.42>
ST_1 : Operation 36 [1/1] (0.42ns)   --->   "%store_ln65 = store i4 %select_ln63_1, i4 %j" [C:/Users/ASUS/git/Vitis-Tutorials/Getting_Started/Vitis_HLS/reference-files/src/dct.cpp:65]   --->   Operation 36 'store' 'store_ln65' <Predicate = (!icmp_ln63)> <Delay = 0.42>
ST_1 : Operation 37 [1/1] (0.42ns)   --->   "%store_ln65 = store i4 %add_ln65, i4 %i" [C:/Users/ASUS/git/Vitis-Tutorials/Getting_Started/Vitis_HLS/reference-files/src/dct.cpp:65]   --->   Operation 37 'store' 'store_ln65' <Predicate = (!icmp_ln63)> <Delay = 0.42>
ST_1 : Operation 47 [1/1] (0.00ns)   --->   "%ret_ln0 = ret"   --->   Operation 47 'ret' 'ret_ln0' <Predicate = (icmp_ln63)> <Delay = 0.00>

State 2 <SV = 1> <Delay = 2.47>
ST_2 : Operation 38 [1/1] (0.00ns)   --->   "%specloopname_ln0 = specloopname void @_ssdm_op_SpecLoopName, void @Xpose_Col_Outer_Loop_Xpose_Col_Inner_Loop_str"   --->   Operation 38 'specloopname' 'specloopname_ln0' <Predicate = true> <Delay = 0.00>
ST_2 : Operation 39 [1/1] (0.00ns)   --->   "%empty = speclooptripcount i32 @_ssdm_op_SpecLoopTripCount, i64 64, i64 64, i64 64"   --->   Operation 39 'speclooptripcount' 'empty' <Predicate = true> <Delay = 0.00>
ST_2 : Operation 40 [1/1] (0.00ns)   --->   "%specpipeline_ln0 = specpipeline void @_ssdm_op_SpecPipeline, i32 4294967295, i32 0, i32 1, i32 0, void @p_str"   --->   Operation 40 'specpipeline' 'specpipeline_ln0' <Predicate = true> <Delay = 0.00>
ST_2 : Operation 41 [1/1] (0.00ns)   --->   "%zext_ln66_3 = zext i6 %add_ln66_1" [C:/Users/ASUS/git/Vitis-Tutorials/Getting_Started/Vitis_HLS/reference-files/src/dct.cpp:66]   --->   Operation 41 'zext' 'zext_ln66_3' <Predicate = true> <Delay = 0.00>
ST_2 : Operation 42 [1/1] (0.00ns)   --->   "%buf_2d_out_addr = getelementptr i16 %buf_2d_out, i64 0, i64 %zext_ln66_3" [C:/Users/ASUS/git/Vitis-Tutorials/Getting_Started/Vitis_HLS/reference-files/src/dct.cpp:66]   --->   Operation 42 'getelementptr' 'buf_2d_out_addr' <Predicate = true> <Delay = 0.00>
ST_2 : Operation 43 [1/1] (0.00ns)   --->   "%specloopname_ln43 = specloopname void @_ssdm_op_SpecLoopName, void @empty_12" [C:/Users/ASUS/git/Vitis-Tutorials/Getting_Started/Vitis_HLS/reference-files/src/dct.cpp:43]   --->   Operation 43 'specloopname' 'specloopname_ln43' <Predicate = true> <Delay = 0.00>
ST_2 : Operation 44 [1/2] (1.23ns)   --->   "%col_outbuf_load = load i6 %col_outbuf_addr" [C:/Users/ASUS/git/Vitis-Tutorials/Getting_Started/Vitis_HLS/reference-files/src/dct.cpp:66]   --->   Operation 44 'load' 'col_outbuf_load' <Predicate = true> <Delay = 1.23> <CoreInst = "RAM">   --->   Core 83 'RAM' <Latency = 1> <II = 1> <Delay = 1.23> <Storage> <Opcode : 'load' 'store'> <Ports = 2> <Width = 16> <Depth = 64> <RAM>
ST_2 : Operation 45 [1/1] (1.23ns)   --->   "%store_ln66 = store i16 %col_outbuf_load, i6 %buf_2d_out_addr" [C:/Users/ASUS/git/Vitis-Tutorials/Getting_Started/Vitis_HLS/reference-files/src/dct.cpp:66]   --->   Operation 45 'store' 'store_ln66' <Predicate = true> <Delay = 1.23> <CoreInst = "RAM_1WnR">   --->   Core 84 'RAM_1WnR' <Latency = 1> <II = 1> <Delay = 1.23> <Storage> <Opcode : 'load' 'store'> <Ports = 17> <Width = 16> <Depth = 64> <RAM>
ST_2 : Operation 46 [1/1] (0.00ns)   --->   "%br_ln65 = br void %for.inc50.i" [C:/Users/ASUS/git/Vitis-Tutorials/Getting_Started/Vitis_HLS/reference-files/src/dct.cpp:65]   --->   Operation 46 'br' 'br_ln65' <Predicate = true> <Delay = 0.00>


============================================================
+ Verbose Summary: Timing violations
============================================================
Target clock period: 10ns, clock uncertainty: 2.7ns.

 <State 1>: 3.21ns
The critical path consists of the following:
	'alloca' operation ('j') [4]  (0 ns)
	'load' operation ('j_load', C:/Users/ASUS/git/Vitis-Tutorials/Getting_Started/Vitis_HLS/reference-files/src/dct.cpp:63) on local variable 'j' [18]  (0 ns)
	'add' operation ('add_ln63', C:/Users/ASUS/git/Vitis-Tutorials/Getting_Started/Vitis_HLS/reference-files/src/dct.cpp:63) [19]  (0.797 ns)
	'select' operation ('select_ln63_1', C:/Users/ASUS/git/Vitis-Tutorials/Getting_Started/Vitis_HLS/reference-files/src/dct.cpp:63) [25]  (0.391 ns)
	'add' operation ('add_ln66', C:/Users/ASUS/git/Vitis-Tutorials/Getting_Started/Vitis_HLS/reference-files/src/dct.cpp:66) [32]  (0.781 ns)
	'getelementptr' operation ('col_outbuf_addr', C:/Users/ASUS/git/Vitis-Tutorials/Getting_Started/Vitis_HLS/reference-files/src/dct.cpp:66) [34]  (0 ns)
	'load' operation ('col_outbuf_load', C:/Users/ASUS/git/Vitis-Tutorials/Getting_Started/Vitis_HLS/reference-files/src/dct.cpp:66) on array 'col_outbuf' [39]  (1.24 ns)

 <State 2>: 2.47ns
The critical path consists of the following:
	'load' operation ('col_outbuf_load', C:/Users/ASUS/git/Vitis-Tutorials/Getting_Started/Vitis_HLS/reference-files/src/dct.cpp:66) on array 'col_outbuf' [39]  (1.24 ns)
	'store' operation ('store_ln66', C:/Users/ASUS/git/Vitis-Tutorials/Getting_Started/Vitis_HLS/reference-files/src/dct.cpp:66) of variable 'col_outbuf_load', C:/Users/ASUS/git/Vitis-Tutorials/Getting_Started/Vitis_HLS/reference-files/src/dct.cpp:66 on array 'buf_2d_out' [40]  (1.24 ns)


============================================================
+ Verbose Summary: Binding
============================================================
N/A
* FSMD analyzer results:
  - Output states:
 - Input state : 
  - Chain level:
	State 1
	State 2


============================================================
+ Verbose Summary: Datapath Resource usage 
============================================================
N/A
