#-----------------------------------------------------------
# xsim v2022.2 (64-bit)
# SW Build 3671981 on Fri Oct 14 05:00:03 MDT 2022
# IP Build 3669848 on Fri Oct 14 08:30:02 MDT 2022
# Start of session at: Thu Apr  6 15:16:43 2023
# Process ID: 28124
# Current directory: D:/subham/newcastle/project/learn/dct_prj/solution1/sim/verilog
# Command line: xsim.exe -mode tcl -source {xsim.dir/dct/xsim_script.tcl}
# Log file: D:/subham/newcastle/project/learn/dct_prj/solution1/sim/verilog/xsim.log
# Journal file: D:/subham/newcastle/project/learn/dct_prj/solution1/sim/verilog\xsim.jou
# Running On: LAPTOP-NHI76AO9, OS: Windows, CPU Frequency: 2895 MHz, CPU Physical cores: 16, Host memory: 16558 MB
#-----------------------------------------------------------
source xsim.dir/dct/xsim_script.tcl
# xsim {dct} -autoloadwcfg -tclbatch {dct.tcl}
Time resolution is 1 ps
source dct.tcl
## run all
////////////////////////////////////////////////////////////////////////////////////
// Inter-Transaction Progress: Completed Transaction / Total Transaction
// Intra-Transaction Progress: Measured Latency / Latency Estimation * 100%
//
// RTL Simulation : "Inter-Transaction Progress" ["Intra-Transaction Progress"] @ "Simulation Time"
////////////////////////////////////////////////////////////////////////////////////
// RTL Simulation : 0 / 10 [0.00%] @ "155000"
// RTL Simulation : 1 / 10 [1.13%] @ "5065000"
// RTL Simulation : 2 / 10 [1.13%] @ "9835000"
// RTL Simulation : 3 / 10 [1.13%] @ "14605000"
// RTL Simulation : 4 / 10 [1.13%] @ "19375000"
// RTL Simulation : 5 / 10 [1.13%] @ "24145000"
// RTL Simulation : 6 / 10 [1.13%] @ "28915000"
// RTL Simulation : 7 / 10 [1.13%] @ "33685000"
// RTL Simulation : 8 / 10 [1.13%] @ "38455000"
// RTL Simulation : 9 / 10 [1.13%] @ "43225000"
// RTL Simulation : 10 / 10 [100.00%] @ "47995000"
////////////////////////////////////////////////////////////////////////////////////
$finish called at time : 48055 ns : File "D:/subham/newcastle/project/learn/dct_prj/solution1/sim/verilog/dct.autotb.v" Line 428
## quit
INFO: [Common 17-206] Exiting xsim at Thu Apr  6 15:16:47 2023...
